[    0.000000] Initializing cgroup subsys cpuset
[    0.000000] Initializing cgroup subsys cpu
[    0.000000] Initializing cgroup subsys cpuacct
[    0.000000] Linux version 4.4.0-104-generic (buildd@lgw01-amd64-022) (gcc version 5.4.0 20160609 (Ubuntu 5.4.0-6ubuntu1~16.04.5) ) #127-Ubuntu SMP Mon Dec 11 12:16:42 UTC 2017 (Ubuntu 4.4.0-104.127-generic 4.4.98)
[    0.000000] Command line: BOOT_IMAGE=/boot/vmlinuz-4.4.0-104-generic root=UUID=743b1402-d445-494c-af0b-749040bb33e4 ro console=tty1 console=ttyS0
[    0.000000] KERNEL supported cpus:
[    0.000000]   Intel GenuineIntel
[    0.000000]   AMD AuthenticAMD
[    0.000000]   Centaur CentaurHauls
[    0.000000] x86/fpu: xstate_offset[2]:  576, xstate_sizes[2]:  256
[    0.000000] x86/fpu: Supporting XSAVE feature 0x01: 'x87 floating point registers'
[    0.000000] x86/fpu: Supporting XSAVE feature 0x02: 'SSE registers'
[    0.000000] x86/fpu: Supporting XSAVE feature 0x04: 'AVX registers'
[    0.000000] x86/fpu: Enabled xstate features 0x7, context size is 832 bytes, using 'standard' format.
[    0.000000] x86/fpu: Using 'lazy' FPU context switches.
[    0.000000] e820: BIOS-provided physical RAM map:
[    0.000000] BIOS-e820: [mem 0x0000000000000000-0x000000000009fbff] usable
[    0.000000] BIOS-e820: [mem 0x000000000009fc00-0x000000000009ffff] reserved
[    0.000000] BIOS-e820: [mem 0x00000000000f0000-0x00000000000fffff] reserved
[    0.000000] BIOS-e820: [mem 0x0000000000100000-0x000000003ffeffff] usable
[    0.000000] BIOS-e820: [mem 0x000000003fff0000-0x000000003fffffff] ACPI data
[    0.000000] BIOS-e820: [mem 0x00000000fec00000-0x00000000fec00fff] reserved
[    0.000000] BIOS-e820: [mem 0x00000000fee00000-0x00000000fee00fff] reserved
[    0.000000] BIOS-e820: [mem 0x00000000fffc0000-0x00000000ffffffff] reserved
[    0.000000] NX (Execute Disable) protection: active
[    0.000000] SMBIOS 2.5 present.
[    0.000000] Hypervisor detected: KVM
[    0.000000] e820: last_pfn = 0x3fff0 max_arch_pfn = 0x400000000
[    0.000000] MTRR: Disabled
[    0.000000] x86/PAT: MTRRs disabled, skipping PAT initialization too.
[    0.000000] CPU MTRRs all blank - virtualized system.
[    0.000000] x86/PAT: Configuration [0-7]: WB  WT  UC- UC  WB  WT  UC- UC  
[    0.000000] found SMP MP-table at [mem 0x0009fff0-0x0009ffff] mapped at [ffff88000009fff0]
[    0.000000] Scanning 1 areas for low memory corruption
[    0.000000] RAMDISK: [mem 0x36232000-0x37110fff]
[    0.000000] ACPI: Early table checksum verification disabled
[    0.000000] ACPI: RSDP 0x00000000000E0000 000024 (v02 VBOX  )
[    0.000000] ACPI: XSDT 0x000000003FFF0030 00003C (v01 VBOX   VBOXXSDT 00000001 ASL  00000061)
[    0.000000] ACPI: FACP 0x000000003FFF00F0 0000F4 (v04 VBOX   VBOXFACP 00000001 ASL  00000061)
[    0.000000] ACPI: DSDT 0x000000003FFF0470 0021FF (v02 VBOX   VBOXBIOS 00000002 INTL 20100528)
[    0.000000] ACPI: FACS 0x000000003FFF0200 000040
[    0.000000] ACPI: FACS 0x000000003FFF0200 000040
[    0.000000] ACPI: APIC 0x000000003FFF0240 00005C (v02 VBOX   VBOXAPIC 00000001 ASL  00000061)
[    0.000000] ACPI: SSDT 0x000000003FFF02A0 0001CC (v01 VBOX   VBOXCPUT 00000002 INTL 20100528)
[    0.000000] No NUMA configuration found
[    0.000000] Faking a node at [mem 0x0000000000000000-0x000000003ffeffff]
[    0.000000] NODE_DATA(0) allocated [mem 0x3ffeb000-0x3ffeffff]
[    0.000000] kvm-clock: Using msrs 4b564d01 and 4b564d00
[    0.000000] kvm-clock: cpu 0, msr 0:3ffe3001, primary cpu clock
[    0.000000] kvm-clock: using sched offset of 4604084753 cycles
[    0.000000] clocksource: kvm-clock: mask: 0xffffffffffffffff max_cycles: 0x1cd42e4dffb, max_idle_ns: 881590591483 ns
[    0.000000] Zone ranges:
[    0.000000]   DMA      [mem 0x0000000000001000-0x0000000000ffffff]
[    0.000000]   DMA32    [mem 0x0000000001000000-0x000000003ffeffff]
[    0.000000]   Normal   empty
[    0.000000]   Device   empty
[    0.000000] Movable zone start for each node
[    0.000000] Early memory node ranges
[    0.000000]   node   0: [mem 0x0000000000001000-0x000000000009efff]
[    0.000000]   node   0: [mem 0x0000000000100000-0x000000003ffeffff]
[    0.000000] Initmem setup node 0 [mem 0x0000000000001000-0x000000003ffeffff]
[    0.000000] ACPI: PM-Timer IO Port: 0x4008
[    0.000000] IOAPIC[0]: apic_id 2, version 32, address 0xfec00000, GSI 0-23
[    0.000000] ACPI: INT_SRC_OVR (bus 0 bus_irq 0 global_irq 2 dfl dfl)
[    0.000000] ACPI: INT_SRC_OVR (bus 0 bus_irq 9 global_irq 9 high level)
[    0.000000] Using ACPI (MADT) for SMP configuration information
[    0.000000] smpboot: Allowing 2 CPUs, 0 hotplug CPUs
[    0.000000] PM: Registered nosave memory: [mem 0x00000000-0x00000fff]
[    0.000000] PM: Registered nosave memory: [mem 0x0009f000-0x0009ffff]
[    0.000000] PM: Registered nosave memory: [mem 0x000a0000-0x000effff]
[    0.000000] PM: Registered nosave memory: [mem 0x000f0000-0x000fffff]
[    0.000000] e820: [mem 0x40000000-0xfebfffff] available for PCI devices
[    0.000000] Booting paravirtualized kernel on KVM
[    0.000000] clocksource: refined-jiffies: mask: 0xffffffff max_cycles: 0xffffffff, max_idle_ns: 7645519600211568 ns
[    0.000000] setup_percpu: NR_CPUS:512 nr_cpumask_bits:512 nr_cpu_ids:2 nr_node_ids:1
[    0.000000] PERCPU: Embedded 33 pages/cpu @ffff88003fc00000 s98200 r8192 d28776 u1048576
[    0.000000] PV qspinlock hash table entries: 256 (order: 0, 4096 bytes)
[    0.000000] Built 1 zonelists in Node order, mobility grouping on.  Total pages: 257913
[    0.000000] Policy zone: DMA32
[    0.000000] Kernel command line: BOOT_IMAGE=/boot/vmlinuz-4.4.0-104-generic root=UUID=743b1402-d445-494c-af0b-749040bb33e4 ro console=tty1 console=ttyS0
[    0.000000] PID hash table entries: 4096 (order: 3, 32768 bytes)
[    0.000000] Memory: 997344K/1048120K available (8485K kernel code, 1295K rwdata, 3988K rodata, 1492K init, 1316K bss, 50776K reserved, 0K cma-reserved)
[    0.000000] SLUB: HWalign=64, Order=0-3, MinObjects=0, CPUs=2, Nodes=1
[    0.000000] Hierarchical RCU implementation.
[    0.000000] 	Build-time adjustment of leaf fanout to 64.
[    0.000000] 	RCU restricting CPUs from NR_CPUS=512 to nr_cpu_ids=2.
[    0.000000] RCU: Adjusting geometry for rcu_fanout_leaf=64, nr_cpu_ids=2
[    0.000000] NR_IRQS:33024 nr_irqs:440 16
[    0.000000] Console: colour VGA+ 80x25
[    0.000000] console [tty1] enabled
[    0.000000] console [ttyS0] enabled
[    0.000000] tsc: Detected 1795.921 MHz processor
[    3.158130] Calibrating delay loop (skipped) preset value.. 3591.84 BogoMIPS (lpj=7183684)
[    3.293054] pid_max: default: 32768 minimum: 301
[    3.369708] ACPI: Core revision 20150930
[    3.390974] ACPI: 2 ACPI AML tables successfully acquired and loaded
[    3.502148] Security Framework initialized
[    3.557370] Yama: becoming mindful.
[    3.584674] AppArmor: AppArmor initialized
[    3.642814] Dentry cache hash table entries: 131072 (order: 8, 1048576 bytes)
[    3.729541] Inode-cache hash table entries: 65536 (order: 7, 524288 bytes)
[    3.741007] Mount-cache hash table entries: 2048 (order: 2, 16384 bytes)
[    3.752893] Mountpoint-cache hash table entries: 2048 (order: 2, 16384 bytes)
[    3.763703] Initializing cgroup subsys io
[    3.768256] Initializing cgroup subsys memory
[    3.781645] Initializing cgroup subsys devices
[    3.793721] Initializing cgroup subsys freezer
[    3.798884] Initializing cgroup subsys net_cls
[    3.840818] Initializing cgroup subsys perf_event
[    3.853476] Initializing cgroup subsys net_prio
[    3.861803] Initializing cgroup subsys hugetlb
[    3.894498] Initializing cgroup subsys pids
[    3.916983] CPU: Physical Processor ID: 0
[    3.930359] CPU: Processor Core ID: 0
[    3.932027] mce: CPU supports 0 MCE banks
[    4.000956] Last level iTLB entries: 4KB 512, 2MB 8, 4MB 8
[    4.046872] Last level dTLB entries: 4KB 512, 2MB 32, 4MB 32, 1GB 0
[    4.055429] Freeing SMP alternatives memory: 32K
[    4.159724] ftrace: allocating 32158 entries in 126 pages
[    4.410280] smpboot: APIC(0) Converting physical 0 to logical package 0
[    4.441001] smpboot: Max logical packages: 1
[    4.510011] x2apic enabled
[    4.549603] Switched APIC routing to physical x2apic.
[    4.618645] ..TIMER: vector=0x30 apic1=0 pin1=2 apic2=-1 pin2=-1
[    4.804251] smpboot: CPU0: Intel(R) Core(TM) i5-3337U CPU @ 1.80GHz (family: 0x6, model: 0x3a, stepping: 0x9)
[    4.933291] Performance Events: unsupported p6 CPU model 58 no PMU driver, software events only.
[    4.950991] KVM setup paravirtual spinlock
[    4.957971] x86: Booting SMP configuration:
[    4.975663] .... node  #0, CPUs:      #1
[    4.980843] kvm-clock: cpu 1, msr 0:3ffe3041, secondary cpu clock
[    4.986696] mce: CPU supports 0 MCE banks
[    4.991387] x86: Booted up 1 node, 2 CPUs
[    4.996983] smpboot: Total of 2 processors activated (7183.68 BogoMIPS)
[    5.059853] devtmpfs: initialized
[    5.077354] evm: security.selinux
[    5.087889] evm: security.SMACK64
[    5.114051] evm: security.SMACK64EXEC
[    5.121315] evm: security.SMACK64TRANSMUTE
[    5.125875] evm: security.SMACK64MMAP
[    5.128267] evm: security.ima
[    5.130699] evm: security.capability
[    5.139127] clocksource: jiffies: mask: 0xffffffff max_cycles: 0xffffffff, max_idle_ns: 7645041785100000 ns
[    5.167667] futex hash table entries: 512 (order: 3, 32768 bytes)
[    5.239522] pinctrl core: initialized pinctrl subsystem
[    5.308670] RTC time:  0:02:24, date: 12/22/17
[    5.357545] NET: Registered protocol family 16
[    5.425527] cpuidle: using governor ladder
[    5.501858] cpuidle: using governor menu
[    5.537899] PCCT header not found.
[    5.600415] ACPI: bus type PCI registered
[    5.669172] acpiphp: ACPI Hot Plug PCI Controller Driver version: 0.5
[    5.776971] PCI: Using configuration type 1 for base access
[    5.858993] ACPI: Added _OSI(Module Device)
[    5.936887] ACPI: Added _OSI(Processor Device)
[    6.006455] ACPI: Added _OSI(3.0 _SCP Extensions)
[    6.098053] ACPI: Added _OSI(Processor Aggregator Device)
[    6.174640] ACPI: Executed 1 blocks of module-level executable AML code
[    6.185308] ACPI: Interpreter enabled
[    6.210554] ACPI: (supports S0 S5)
[    6.218725] ACPI: Using IOAPIC for interrupt routing
[    6.254014] PCI: Using host bridge windows from ACPI; if necessary, use "pci=nocrs" and report a bug
[    6.292759] ACPI: PCI Root Bridge [PCI0] (domain 0000 [bus 00-ff])
[    6.311049] acpi PNP0A03:00: _OSC: OS supports [ASPM ClockPM Segments MSI]
[    6.331363] acpi PNP0A03:00: _OSC: not requesting OS control; OS requires [ExtendedConfig ASPM ClockPM MSI]
[    6.372141] acpi PNP0A03:00: fail to add MMCONFIG information, can't access extended PCI configuration space under this bridge.
[    6.390590] PCI host bridge to bus 0000:00
[    6.413193] pci_bus 0000:00: root bus resource [io  0x0000-0x0cf7 window]
[    6.540404] pci_bus 0000:00: root bus resource [io  0x0d00-0xffff window]
[    6.649603] pci_bus 0000:00: root bus resource [mem 0x000a0000-0x000bffff window]
[    6.778940] pci_bus 0000:00: root bus resource [mem 0x40000000-0xffdfffff window]
[    6.871224] pci_bus 0000:00: root bus resource [bus 00-ff]
[    6.965280] pci 0000:00:01.1: legacy IDE quirk: reg 0x10: [io  0x01f0-0x01f7]
[    7.074738] pci 0000:00:01.1: legacy IDE quirk: reg 0x14: [io  0x03f6]
[    7.155697] pci 0000:00:01.1: legacy IDE quirk: reg 0x18: [io  0x0170-0x0177]
[    7.282048] pci 0000:00:01.1: legacy IDE quirk: reg 0x1c: [io  0x0376]
[    7.436688] pci 0000:00:07.0: quirk: [io  0x4000-0x403f] claimed by PIIX4 ACPI
[    7.468090] pci 0000:00:07.0: quirk: [io  0x4100-0x410f] claimed by PIIX4 SMB
[    7.525526] ACPI: PCI Interrupt Link [LNKA] (IRQs 5 9 10 *11)
[    7.569730] ACPI: PCI Interrupt Link [LNKB] (IRQs 5 9 10 *11)
[    7.582668] ACPI: PCI Interrupt Link [LNKC] (IRQs 5 9 *10 11)
[    7.603728] ACPI: PCI Interrupt Link [LNKD] (IRQs 5 *9 10 11)
[    7.628393] ACPI: Enabled 2 GPEs in block 00 to 07
[    7.726143] vgaarb: setting as boot device: PCI:0000:00:02.0
[    7.817934] vgaarb: device added: PCI:0000:00:02.0,decodes=io+mem,owns=io+mem,locks=none
[    7.937946] vgaarb: loaded
[    7.958561] vgaarb: bridge control possible 0000:00:02.0
[    8.024878] SCSI subsystem initialized
[    8.081591] ACPI: bus type USB registered
[    8.139753] usbcore: registered new interface driver usbfs
[    8.225312] usbcore: registered new interface driver hub
[    8.347519] usbcore: registered new device driver usb
[    8.419661] PCI: Using ACPI for IRQ routing
[    8.467308] NetLabel: Initializing
[    8.520262] NetLabel:  domain hash size = 128
[    8.556558] NetLabel:  protocols = UNLABELED CIPSOv4
[    8.604691] NetLabel:  unlabeled traffic allowed by default
[    8.630576] amd_nb: Cannot enumerate AMD northbridges
[    8.653458] clocksource: Switched to clocksource kvm-clock
[    8.666349] AppArmor: AppArmor Filesystem Enabled
[    8.690941] pnp: PnP ACPI init
[    8.726063] pnp: PnP ACPI: found 3 devices
[    8.830294] clocksource: acpi_pm: mask: 0xffffff max_cycles: 0xffffff, max_idle_ns: 2085701024 ns
[    9.064210] NET: Registered protocol family 2
[    9.181357] TCP established hash table entries: 8192 (order: 4, 65536 bytes)
[    9.337693] TCP bind hash table entries: 8192 (order: 5, 131072 bytes)
[    9.462772] TCP: Hash tables configured (established 8192 bind 8192)
[    9.557612] UDP hash table entries: 512 (order: 2, 16384 bytes)
[    9.680418] UDP-Lite hash table entries: 512 (order: 2, 16384 bytes)
[    9.709232] NET: Registered protocol family 1
[    9.722972] pci 0000:00:00.0: Limiting direct PCI/PCI transfers
[    9.731161] pci 0000:00:01.0: Activating ISA DMA hang workarounds
[    9.800909] Unpacking initramfs...
[   10.104525] Freeing initrd memory: 15228K
[   10.159166] RAPL PMU detected, API unit is 2^-32 Joules, 3 fixed counters 10737418240 ms ovfl timer
[   10.301491] hw unit of domain pp0-core 2^-0 Joules
[   10.342581] hw unit of domain package 2^-0 Joules
[   10.405023] hw unit of domain pp1-gpu 2^-0 Joules
[   10.466786] platform rtc_cmos: registered platform RTC device (no PNP device found)
[   10.563114] Scanning for low memory corruption every 60 seconds
[   10.694968] audit: initializing netlink subsys (disabled)
[   10.798436] audit: type=2000 audit(1513900949.002:1): initialized
[   10.847720] Initialise system trusted keyring
[   10.865915] HugeTLB registered 2 MB page size, pre-allocated 0 pages
[   10.886908] zbud: loaded
[   10.900849] VFS: Disk quotas dquot_6.6.0
[   10.906196] VFS: Dquot-cache hash table entries: 512 (order 0, 4096 bytes)
[   10.930488] squashfs: version 4.0 (2009/01/31) Phillip Lougher
[   10.943909] fuse init (API version 7.23)
[   10.955219] Key type big_key registered
[   10.965756] Allocating IMA MOK and blacklist keyrings.
[   10.972443] Key type asymmetric registered
[   10.994178] Asymmetric key parser 'x509' registered
[   10.995895] Block layer SCSI generic (bsg) driver version 0.4 loaded (major 249)
[   10.998881] io scheduler noop registered
[   11.006701] io scheduler deadline registered (default)
[   11.023490] io scheduler cfq registered
[   11.026230] pci_hotplug: PCI Hot Plug PCI Core version: 0.5
[   11.030628] pciehp: PCI Express Hot Plug Controller Driver version: 0.4
[   11.037883] ACPI: AC Adapter [AC] (off-line)
[   11.047776] input: Power Button as /devices/LNXSYSTM:00/LNXPWRBN:00/input/input0
[   11.050519] ACPI: Power Button [PWRF]
[   11.052084] input: Sleep Button as /devices/LNXSYSTM:00/LNXSLPBN:00/input/input1
[   11.054924] ACPI: Sleep Button [SLPF]
[   11.056665] GHES: HEST is not enabled!
[   11.057752] ACPI: Battery Slot [BAT0] (battery present)
[   11.060809] Serial: 8250/16550 driver, 32 ports, IRQ sharing enabled
[   11.088172] 00:02: ttyS0 at I/O 0x3f8 (irq = 4, base_baud = 115200) is a 16550A
[   11.133975] Linux agpgart interface v0.103
[   11.137223] loop: module loaded
[   11.203650] scsi host0: ata_piix
[   11.243699] scsi host1: ata_piix
[   11.305639] ata1: PATA max UDMA/33 cmd 0x1f0 ctl 0x3f6 bmdma 0xd000 irq 14
[   11.462569] ata2: PATA max UDMA/33 cmd 0x170 ctl 0x376 bmdma 0xd008 irq 15
[   11.641351] tsc: Refined TSC clocksource calibration: 1795.586 MHz
[   11.800639] clocksource: tsc: mask: 0xffffffffffffffff max_cycles: 0x19e1dfe6e4b, max_idle_ns: 440795267071 ns
[   11.801405] libphy: Fixed MDIO Bus: probed
[   11.801408] tun: Universal TUN/TAP device driver, 1.6
[   11.801408] tun: (C) 1999-2004 Max Krasnyansky <maxk@qualcomm.com>
[   11.801469] PPP generic driver version 2.4.2
[   11.801531] ehci_hcd: USB 2.0 'Enhanced' Host Controller (EHCI) Driver
[   11.801536] ehci-pci: EHCI PCI platform driver
[   11.801546] ehci-platform: EHCI generic platform driver
[   11.801555] ohci_hcd: USB 1.1 'Open' Host Controller (OHCI) Driver
[   11.801559] ohci-pci: OHCI PCI platform driver
[   11.801568] ohci-platform: OHCI generic platform driver
[   11.801578] uhci_hcd: USB Universal Host Controller Interface driver
[   11.801641] i8042: PNP: PS/2 Controller [PNP0303:PS2K,PNP0f03:PS2M] at 0x60,0x64 irq 1,12
[   11.938945] serio: i8042 KBD port at 0x60,0x64 irq 1
[   11.938963] serio: i8042 AUX port at 0x60,0x64 irq 12
[   11.939371] mousedev: PS/2 mouse device common for all mice
[   11.940558] rtc_cmos rtc_cmos: rtc core: registered rtc_cmos as rtc0
[   11.940780] rtc_cmos rtc_cmos: alarms up to one day, 114 bytes nvram
[   11.940799] i2c /dev entries driver
[   11.940956] device-mapper: uevent: version 1.0.3
[   11.941132] device-mapper: ioctl: 4.34.0-ioctl (2015-10-28) initialised: dm-devel@redhat.com
[   11.941180] ledtrig-cpu: registered to indicate activity on CPUs
[   11.942360] NET: Registered protocol family 10
[   11.942859] NET: Registered protocol family 17
[   11.942890] Key type dns_resolver registered
[   11.945812] microcode: CPU0 sig=0x306a9, pf=0x2, revision=0x19
[   11.945850] microcode: CPU1 sig=0x306a9, pf=0x2, revision=0x19
[   11.946162] microcode: Microcode Update Driver: v2.01 <tigran@aivazian.fsnet.co.uk>, Peter Oruba
[   11.946877] registered taskstats version 1
[   11.946945] Loading compiled-in X.509 certificates
[   11.950863] Loaded X.509 cert 'Build time autogenerated kernel key: 8537ad706776f532219d7336343c968b9f82f7c7'
[   11.950935] zswap: loaded using pool lzo/zbud
[   11.957627] Key type trusted registered
[   11.968126] Key type encrypted registered
[   11.968233] AppArmor: AppArmor sha1 policy hashing enabled
[   11.968247] ima: No TPM chip found, activating TPM-bypass!
[   11.968308] evm: HMAC attrs: 0x1
[   11.969238]   Magic number: 13:647:1
[   11.969898] rtc_cmos rtc_cmos: setting system clock to 2017-12-22 00:02:31 UTC (1513900951)
[   11.970249] BIOS EDD facility v0.16 2004-Jun-25, 0 devices found
[   11.970250] EDD information not available.
[   12.095642] input: AT Translated Set 2 keyboard as /devices/platform/i8042/serio0/input/input2
[   13.936137] Freeing unused kernel memory: 1492K
[   14.013319] Write protecting the kernel read-only data: 14336k
[   14.056689] Freeing unused kernel memory: 1744K
[   14.065296] Freeing unused kernel memory: 108K
Loading, please wait...
starting version[   14.105053] random: systemd-udevd: uninitialized urandom read (16 bytes read, 4 bits of entropy available)
 229
[   14.107395] random: udevadm: uninitialized urandom read (16 bytes read, 4 bits of entropy available)
[   14.107468] random: udevadm: uninitialized urandom read (16 bytes read, 4 bits of entropy available)
[   14.138658] random: udevadm: uninitialized urandom read (16 bytes read, 4 bits of entropy available)
[   14.138761] random: udevadm: uninitialized urandom read (16 bytes read, 4 bits of entropy available)
[   14.139086] random: udevadm: uninitialized urandom read (16 bytes read, 4 bits of entropy available)
[   14.139206] random: udevadm: uninitialized urandom read (16 bytes read, 4 bits of entropy available)
[   14.139329] random: udevadm: uninitialized urandom read (16 bytes read, 4 bits of entropy available)
[   14.139526] random: udevadm: uninitialized urandom read (16 bytes read, 4 bits of entropy available)
[   14.139646] random: udevadm: uninitialized urandom read (16 bytes read, 4 bits of entropy available)
[   14.295576] Fusion MPT base driver 3.04.20
[   14.303917] Copyright (c) 1999-2008 LSI Corporation
[   14.305799] e1000: Intel(R) PRO/1000 Network Driver - version 7.3.21-k8-NAPI
[   14.307961] e1000: Copyright (c) 1999-2006 Intel Corporation.
[   14.334763] Fusion MPT SPI Host driver 3.04.20
[   14.517450] input: ImExPS/2 Generic Explorer Mouse as /devices/platform/i8042/serio1/input/input4
[   14.781137] e1000 0000:00:03.0 eth0: (PCI:33MHz:32-bit) 02:63:8e:2c:ef:cd
[   14.893608] e1000 0000:00:03.0 eth0: Intel(R) PRO/1000 Network Connection
[   15.004255] mptbase: ioc0: Initiating bringup
[   15.005006] e1000 0000:00:03.0 enp0s3: renamed from eth0
[   15.226757] ioc0: LSI53C1030 A0: Capabilities={Initiator}
[   15.543737] scsi host2: ioc0: LSI53C1030 A0, FwRev=00000000h, Ports=1, MaxQ=256, IRQ=20
[   15.676132] scsi 2:0:0:0: Direct-Access     VBOX     HARDDISK         1.0  PQ: 0 ANSI: 5
[   15.698927] scsi target2:0:0: Beginning Domain Validation
[   15.710088] scsi target2:0:0: Domain Validation skipping write tests
[   15.763470] scsi target2:0:0: Ending Domain Validation
[   15.869134] scsi target2:0:0: asynchronous
[   15.923460] scsi 2:0:1:0: Direct-Access     VBOX     HARDDISK         1.0  PQ: 0 ANSI: 5
[   16.102238] scsi target2:0:1: Beginning Domain Validation
[   16.201977] scsi target2:0:1: Domain Validation skipping write tests
[   16.330335] scsi target2:0:1: Ending Domain Validation
[   16.412787] scsi target2:0:1: asynchronous
[   16.517269] sd 2:0:0:0: Attached scsi generic sg0 type 0
[   16.591629] sd 2:0:0:0: [sda] 20971520 512-byte logical blocks: (10.7 GB/10.0 GiB)
[   16.714059] sd 2:0:1:0: [sdb] 20480 512-byte logical blocks: (10.5 MB/10.0 MiB)
[   16.718286] sd 2:0:1:0: Attached scsi generic sg1 type 0
[   16.751838] sd 2:0:0:0: [sda] Write Protect is off
[   16.752400] sd 2:0:1:0: [sdb] Write Protect is off
[   16.752725] sd 2:0:1:0: [sdb] Incomplete mode parameter data
[   16.752729] sd 2:0:1:0: [sdb] Assuming drive cache: write through
[   16.827464] sd 2:0:1:0: [sdb] Attached SCSI disk
[   16.835265] sd 2:0:0:0: [sda] Incomplete mode parameter data
[   16.861498] sd 2:0:0:0: [sda] Assuming drive cache: write through
[   16.882696]  sda: sda1
[   16.897486] sd 2:0:0:0: [sda] Attached SCSI disk
[   17.338909] floppy0: no floppy controllers found
Begin: Loading e[   19.142132] md: linear personality registered for level -1
ssential drivers ... [   19.172512] md: multipath personality registered for level -4
[   19.182780] md: raid0 personality registered for level 0
[   19.238328] md: raid1 personality registered for level 1
[   19.337522] raid6: sse2x1   gen()  4446 MB/s
[   19.457509] raid6: sse2x1   xor()  4418 MB/s
[   19.581663] raid6: sse2x2   gen()  7958 MB/s
[   19.689698] raid6: sse2x2   xor()  5691 MB/s
[   19.781578] raid6: sse2x4   gen()  4035 MB/s
[   19.897875] raid6: sse2x4   xor()  4480 MB/s
[   19.948258] raid6: using algorithm sse2x2 gen() 7958 MB/s
[   20.001094] raid6: .... xor() 5691 MB/s, rmw enabled
[   20.062405] raid6: using ssse3x2 recovery algorithm
[   20.119156] xor: automatically using best checksumming function:
[   20.254698]    avx       :  7720.000 MB/sec
[   20.302442] async_tx: api initialized (async)
[   20.377916] md: raid6 personality registered for level 6
[   20.386806] md: raid5 personality registered for level 5
[   20.393640] md: raid4 personality registered for level 4
[   20.436624] md: raid10 personality registered for level 10
done.
Begin: Running /scripts/init-premount ... done.
Begin: Mounting root file system ... Begin: Running /scripts/local-top ... done.
Begin: Running /scripts/local-premount ... [   20.553039] Btrfs loaded
Scanning for Btrfs filesystems
done.
Warning: fsck no[   20.604338] EXT4-fs (sda1): INFO: recovery required on readonly filesystem
t present, so sk[   20.736125] EXT4-fs (sda1): write access will be enabled during recovery
ipping root file system
[   21.400982] EXT4-fs (sda1): orphan cleanup on readonly fs
[   21.513853] EXT4-fs (sda1): 1 orphan inode deleted
[   21.581022] EXT4-fs (sda1): recovery complete
[   21.607591] EXT4-fs (sda1): mounted filesystem with ordered data mode. Opts: (null)
done.
Begin: Running /scripts/local-bottom ... done.
Begin: Running /scripts/init-bottom ... done.
[   22.610944] random: nonblocking pool is initialized
[   23.539725] systemd[1]: systemd 229 running in system mode. (+PAM +AUDIT +SELINUX +IMA +APPARMOR +SMACK +SYSVINIT +UTMP +LIBCRYPTSETUP +GCRYPT +GNUTLS +ACL +XZ -LZ4 +SECCOMP +BLKID +ELFUTILS +KMOD -IDN)
[   23.804103] systemd[1]: Detected virtualization oracle.
[   23.874946] systemd[1]: Detected architecture x86-64.

Welcome to [1mUbuntu 16.04.3 LTS[0m!

[   24.051742] systemd[1]: Set hostname to <ubuntu-xenial>.
[   25.958865] systemd[1]: Listening on Journal Audit Socket.
[[0;32m  OK  [0m] Listening on Journal Audit Socket.
[   26.066953] systemd[1]: Listening on LVM2 poll daemon socket.
[[0;32m  OK  [0m] Listening on LVM2 poll daemon socket.
[   26.202566] systemd[1]: Listening on LVM2 metadata daemon socket.
[[0;32m  OK  [0m] Listening on LVM2 metadata daemon socket.
[   26.447087] systemd[1]: Listening on udev Kernel Socket.
[[0;32m  OK  [0m] Listening on udev Kernel Socket.
[   26.582377] systemd[1]: Reached target Encrypted Volumes.
[[0;32m  OK  [0m] Reached target Encrypted Volumes.
[   26.712262] systemd[1]: Created slice System Slice.
[[0;32m  OK  [0m] Created slice System Slice.
[   26.859997] systemd[1]: Created slice system-serial\x2dgetty.slice.
[[0;32m  OK  [0m] Created slice system-serial\x2dgetty.slice.
[   27.075401] systemd[1]: Started Trigger resolvconf update for networkd DNS.
[[0;32m  OK  [0m] Started Trigger resolvconf update for networkd DNS.
[   27.113052] systemd[1]: Started Forward Password Requests to Wall Directory Watch.
[[0;32m  OK  [0m] Started Forward Password Requests to Wall Directory Watch.
[   27.206821] systemd[1]: Listening on Journal Socket (/dev/log).
[[0;32m  OK  [0m] Listening on Journal Socket (/dev/log).
[   27.443053] systemd[1]: Listening on Syslog Socket.
[[0;32m  OK  [0m] Listening on Syslog Socket.
[   27.491127] systemd[1]: Listening on udev Control Socket.
[[0;32m  OK  [0m] Listening on udev Control Socket.
[   27.670922] systemd[1]: Reached target User and Group Name Lookups.
[[0;32m  OK  [0m] Reached target User and Group Name Lookups.
[   27.899832] systemd[1]: Created slice User and Session Slice.
[[0;32m  OK  [0m] Created slice User and Session Slice.
[   28.127099] systemd[1]: Reached target Slices.
[[0;32m  OK  [0m] Reached target Slices.
[   28.217563] systemd[1]: Listening on Journal Socket.
[[0;32m  OK  [0m] Listening on Journal Socket.
[   28.246185] systemd[1]: Starting Create list of required static device nodes for the current kernel...
         Starting Create list of required st... nodes for the current kernel...
[   28.283385] systemd[1]: Mounting Debug File System...
         Mounting Debug File System...
[   28.338312] systemd[1]: Mounting POSIX Message Queue File System...
         Mounting POSIX Message Queue File System...
[   28.360951] systemd[1]: Starting Nameserver information manager...
         Starting Nameserver information manager...
[   28.518711] systemd[1]: Mounting Huge Pages File System...
         Mounting Huge Pages File System...
[   28.650953] systemd[1]: Starting Set console keymap...
         Starting Set console keymap...
[   28.838201] systemd[1]: Starting Load Kernel Modules...
         Starting Load Kernel Modules...
[   29.006767] systemd[1]: Starting Journal Service...
         Starting Journal Service...
[   29.050742] systemd[1]: Starting Uncomplicated firewall...
         Starting Uncomplicated firewall...
[   29.103260] systemd[1]: Listening on Device-mapper event daemon FIFOs.
[[0;32m  OK  [0m] Listening on Device-mapper event daemon FIFOs.
[   29.150948] systemd[1]: Starting Monitoring of LVM2 mirrors, snapshots etc. using dmeventd or progress polling...
         Starting Monitoring of LVM2 mirrors... dmeventd or progress polling...
[   29.218652] systemd[1]: Reached target Swap.
[[0;32m  OK  [0m] Reached target Swap.
[   29.250319] systemd[1]: Set up automount Arbitrary Executable File Formats File System Automount Point.
[[0;32m  OK  [[   29.274817] Loading iSCSI transport class v2.0-870.
0m] Set up automount Arbitrary Executab...ats File System Automount Point.
[   29.417497] systemd[1]: Listening on /dev/initctl Compatibility Named Pipe.
[[0;32m  OK  [0m] Listening on /dev/initctl Compatibility Named Pipe.
[   29.479507] systemd[1]: Starting Remount Root and Kernel File Systems...
         Starting Remount Root and Kernel File Systems...
[   29.507856] systemd[1]: Mounted POSIX Message Queue File System.
[[0;32m  OK  [0m] Mounted POSIX Message Queue File System.
[   29.515888] systemd[1]: Mounted Debug File System.
[[0;32m  OK  [0m] Mounted Debug File System.
[   29.524406] systemd[1]: Mounted Huge Pages File System.
[   29.531213] EXT4-fs (sda1): re-mounted. Opts: (null)
[[0;32m  OK  [0m] Mounted Huge Pages File System.
[   29.542356] systemd[1]: Started Journal Service.
[[0;32m  OK  [0m] Started Journal Service.
[   29.552071] iscsi: registered transport (tcp)
[[0;32m  OK  [0m] Started Create list of required sta...ce nodes for the current kernel.
[[0;32m  OK  [0m] Started Set console keymap.
[[0;32m  OK  [0m] Started Uncomplicated firewall.
[[0;32m  OK  [0m] Started Remount Root and Kernel File Systems.
[[0;32m  OK  [0m] Started Nameserver information manager.
[[0;32m  OK  [0m] Started LVM2 metadata daemon.
         Starting Initial cloud-init job (pre-networking)...
[   30.012877] iscsi: registered transport (iser)
         Starting udev Coldplug all Devices...
         Starting Load/Save Random Seed...
         Starting Create Static Device Nodes in /dev...
         Starting Flush Journal to Persistent Storage...
[[0;32m  OK  [0m] Started Load Kernel Modules.
[[0;32m  OK  [0m] Started Load/Save Random Seed.
[[0;32m  OK  [0m] Started udev Coldplug all Devices.
[[0;32m  OK  [0m] Started Monitoring of LVM2 mirrors,...ng dmeventd or progress polling.
[   30.663819] systemd-journald[394]: Received request to flush runtime journal from PID 1
         Mounting FUSE Control File System...
         Starting Apply Kernel Variables...
[[0;32m  OK  [0m] Mounted FUSE Control File System.
[[0;32m  OK  [0m] Started Flush Journal to Persistent Storage.
[[0;32m  OK  [0m] Started Create Static Device Nodes in /dev.
         Starting udev Kernel Device Manager...
[[0;32m  OK  [0m] Started Apply Kernel Variables.
[[0;32m  OK  [0m] Started udev Kernel Device Manager.
[[0;32m  OK  [0m] Reached target Local File Systems (Pre).
[[0;32m  OK  [0m] Reached target Local File Systems.
         Starting Tell Plymouth To Write Out Runtime Data...
         Starting Set console font and keymap...
         Starting Create Volatile Files and Directories...
         Starting LSB: AppArmor initialization...
[[0;32m  OK  [0m] Started Dispatch Password Requests to Console Directory Watch.
[[0;32m  OK  [0m] Found device /dev/ttyS0.
[[0;32m  OK  [0m] Started Tell Plymouth To Write Out Runtime Data.
[[0;32m  OK  [0m] Started Create Volatile Files and Directories.
[[0;32m  OK  [0m] Reached target System Time Synchronized.
         Starting Update UTMP about System Boot/Shutdown...
[[0;32m  OK  [0m] Started Update UTMP about System Boot/Shutdown.
[[0;32m  OK  [0m] Found device 82540EM Gigabit Ethern...r (PRO/1000 MT Desktop Adapter).
[[0;32m  OK  [0m] Started Set console font and keymap.
[[0;32m  OK  [0m] Listening on Load/Save RF Kill Switch Status /dev/rfkill Watch.
[[0;32m  OK  [0m] Created slice system-getty.slice.
[[0;32m  OK  [0m] Started LSB: AppArmor initialization.
[   36.121290] cloud-init[430]: Cloud-init v. 17.1 running 'init-local' at Fri, 22 Dec 2017 00:03:02 +0000. Up 34.74 seconds.
[[0;32m  OK  [0m] Started Initial cloud-init job (pre-networking).
[[0;32m  OK  [0m] Reached target Network (Pre).
[[0;32m  OK  [0m] Started ifup for enp0s3.
         Starting Raise network interfaces...
[[0;32m  OK  [0m] Started Raise network interfaces.
[[0;32m  OK  [0m] Reached target Network.
         Starting Initial cloud-init job (metadata service crawler)...
[   39.663252] cloud-init[974]: Cloud-init v. 17.1 running 'init' at Fri, 22 Dec 2017 00:03:05 +0000. Up 37.57 seconds.
[   39.733096] cloud-init[974]: ci-info: +++++++++++++++++++++++++++++++++++++Net device info++++++++++++++++++++++++++++++++++++++
[   39.788512] [cloud-init[0;32m  OK  [0m[974]: ] ci-info: +--------+------+----------------------------+---------------+-------+-------------------+Started Initial cloud-init job (metadata service crawler).

[   39.790056] cloud-init[974]: ci-info: | Device |  Up  |          Address           |      Mask     | Scope |     Hw-Address    |
[[0;32m  OK  [0m] Reached target System Initialization.
[   39.896111] cloud-init[974]: ci-info: +--------+------+----------------------------+---------------+-------+-------------------+
[   39.913076] [cloud-init[0;32m  OK  [0m[974]: ] ci-info: | enp0s3 | True |         10.0.2.15          | 255.255.255.0 |   .   | 02:63:8e:2c:ef:cd |Listening on D-Bus System Message Bus Socket.

[   39.914437] cloud-init[974]: ci-info: | enp0s3 | True | fe80::63:8eff:fe2c:efcd/64 |       .       |  link | 02:63:8e:2c:ef:cd |
[   39.995388] cloud-init[974]: ci-info: |   lo   | True |         127.0.0.1          |   255.0.0.0   |   .   |         .         |
[   40.029769] cloud-init[974]: ci-info: |   lo   | True |          ::1/128           |       .       |  host |         .         |
[[0;32m  OK  [0m] Started ACPI Events Check.
[   40.032764] cloud-init[974]: ci-info: +--------+------+----------------------------+---------------+-------+-------------------+
[[0;32m  OK  [0m] Reached target Paths.
[   40.112340] cloud-init[974]: ci-info: +++++++++++++++++++++++++++Route IPv4 info++++++++++++++++++++++++++++
[[0;32m  OK  [0m] Listening on UUID daemon activation socket.
[   40.152923] cloud-init[974]: ci-info: +-------+-------------+----------+---------------+-----------+-------+
[   40.256250] cloud-init[974]: ci-info: | Route | Destination | Gateway  |    Genmask    | Interface | Flags |
[   40.337361]          cloud-initStarting LXD - unix socket.[974]: 
ci-info: +-------+-------------+----------+---------------+-----------+-------+
[   40.449675] cloud-init[974]: ci-info: |   0   |   0.0.0.0   | 10.0.2.2 |    0.0.0.0    |   enp0s3  |   UG  |
[[0;32m  OK  [0m] Listening on ACPID Listen Socket.
[   40.452466] [cloud-init[0;32m  OK  [0m[974]: ] ci-info: |   1   |   10.0.2.0  | 0.0.0.0  | 255.255.255.0 |   enp0s3  |   U   |Started Daily Cleanup of Temporary Directories.

[   40.663685]          cloud-initStarting Socket activation for snappy daemon.[974]: 
ci-info: +-------+-------------+----------+---------------+-----------+-------+
[[0;32m  OK  [0m] Started Timer to automatically refresh installed snaps.
[[0;32m  OK  [0m] Reached target Cloud-config availability.
[[0;32m  OK  [0m] Reached target Network is Online.
         Starting iSCSI initiator daemon (iscsid)...
[[0;32m  OK  [0m] Started Daily apt download activities.
[[0;32m  OK  [0m] Started Daily apt upgrade and clean activities.
[[0;32m  OK  [0m] Reached target Timers.
[[0;32m  OK  [0m] Listening on LXD - unix socket.
[[0;32m  OK  [0m] Listening on Socket activation for snappy daemon.
[[0;32m  OK  [0m] Reached target Sockets.
[[0;32m  OK  [0m] Reached target Basic System.
         Starting Apply the settings specified in cloud-config...
[[0;32m  OK  [0m] Started D-Bus System Message Bus.
         Starting Accounts Service...
[[0;32m  OK  [0m] Started Unattended Upgrades Shutdown.
         Starting LSB: Record successful boot for GRUB...
[[0;32m  OK  [0m] Started Deferred execution scheduler.
         Starting Login Service...
[[0;32m  OK  [0m] Started FUSE filesystem for LXC.
         Starting LSB: MD monitoring daemon...
         Starting Snappy daemon...
[[0;32m  OK  [0m] Started ACPI event daemon.
         Starting OpenBSD Secure Shell server...
         Starting System Logging Service...
         Starting /etc/rc.local Compatibility...
[   42.480785] cloud-init[1032]: Cloud-init v. 17.1 running 'modules:config' at Fri, 22 Dec 2017 00:03:09 +0000. Up 41.66 seconds.
[[0;32m  OK  [0m] Started Regular background program processing daemon.
         Starting LXD - container startup/shutdown...
[[0;32m  OK  [0m] Started iSCSI initiator daemon (iscsid).
[[0;32m  OK  [0m] Started Apply the settings specified in cloud-config.
[[0;32m  OK  [0m] Started /etc/rc.local Compatibility.
[[0;32m  OK  [0m] Started Login Service.
         Starting Login to default iSCSI targets...
[[0;32m  OK  [0m] Started LSB: Record successful boot for GRUB.
[[0;32m  OK  [0m] Started LSB: MD monitoring daemon.
[[0;32m  OK  [0m] Started System Logging Service.
[[0;32m  OK  [0m] Started Login to default iSCSI targets.
[[0;32m  OK  [0m] Reached target Remote File Systems (Pre).
[[0;32m  OK  [0m] Reached target Remote File Systems.
         Starting LSB: automatic crash report generation...
         Starting LSB: daemon to balance interrupts for SMP systems...
         Starting LSB: Set the CPU Frequency Scaling governor to "ondemand"...
         Starting LSB: VirtualBox Linux Additions...
         Starting Permit User Sessions...
[[0;32m  OK  [0m] Started LSB: Set the CPU Frequency Scaling governor to "ondemand".
[[0;32m  OK  [0m] Started Permit User Sessions.
         Starting Terminate Plymouth Boot Screen...
         Starting Hold until boot process finishes up...
[[0;32m  OK  [0m] Started Terminate Plymouth Boot Screen.
[[0;32m  OK  [0m] Started Hold until boot process finishes up.
[[0;32m  OK  [0m] Started LSB: automatic crash report generation.
[[0;32m  OK  [0m] Started LSB: daemon to balance interrupts for SMP systems.
         Starting Authenticate and Authorize Users to Run Privileged Tasks...
[[0;32m  OK  [0m] Started Serial Getty on ttyS0.
         Starting Set console scheme...
[[0;32m  OK  [0m] Started Getty on tty1.
[[0;32m  OK  [0m] Reached target Login Prompts.
[[0;32m  OK  [0m] Started OpenBSD Secure Shell server.
[[0;32m  OK  [0m] Started Set console scheme.
[[0;32m  OK  [0m] Started LSB: VirtualBox Linux Additions.
[[0;32m  OK  [0m] Started Authenticate and Authorize Users to Run Privileged Tasks.
[[0;32m  OK  [0m] Started Accounts Service.
[[0;32m  OK  [0m] Started Snappy daemon.
[[0;32m  OK  [0m] Started LXD - container startup/shutdown.
[[0;32m  OK  [0m] Reached target Multi-User System.
[[0;32m  OK  [0m] Reached target Graphical Interface.
         Starting Update UTMP about System Runlevel Changes...
         Starting Execute cloud user/final scripts...
[[0;32m  OK  [0m] Started Update UTMP about System Runlevel Changes.
[   48.755397] cloud-init[1203]: Cloud-init v. 17.1 running 'modules:final' at Fri, 22 Dec 2017 00:03:16 +0000. Up 48.55 seconds.
[   48.804779] cloud-init[1203]: Cloud-init v. 17.1 finished at Fri, 22 Dec 2017 00:03:16 +0000. Datasource DataSourceNoCloud [seed=/dev/sdb][dsmode=net].  Up 48.74 seconds
[[0;32m  OK  [0m] Started Execute cloud user/final scripts.
[[0;32m  OK  [0m] Reached target Cloud-init target.

Ubuntu 16.04.3 LTS ubuntu-xenial ttyS0

ubuntu-xenial login: 